<?xml version="1.0" encoding="UTF-8"?>
<!-- Generated by org.testng.reporters.JUnitXMLReporter -->
<testsuite hostname="LAPTOP-S220IUBQ" ignored="0" name="Default test" tests="3" failures="0" timestamp="2022-01-27T10:08:37 IST" time="0.042" errors="0">
  <testcase name="mobile" time="0.006" classname="com.maven.Dependency_P"/>
  <testcase name="watch" time="0.001" classname="com.maven.Dependency_P"/>
  <testcase name="offer" time="0.001" classname="com.maven.Dependency_P"/>
</testsuite> <!-- Default test -->
