<?xml version="1.0" encoding="UTF-8"?>
<!-- Generated by org.testng.reporters.JUnitXMLReporter -->
<testsuite hostname="LAPTOP-S220IUBQ" ignored="0" name="Test" tests="3" failures="0" timestamp="2022-05-16T11:26:01 IST" time="0.063" errors="0">
  <testcase name="dresses" time="0.009" classname="com.maven.Simple_Annotations"/>
  <testcase name="tshirts" time="0.002" classname="com.maven.Simple_Annotations"/>
  <testcase name="women" time="0.001" classname="com.maven.Simple_Annotations"/>
</testsuite> <!-- Test -->
